2020-09-15 04:57:50,332 INFO  com.mi6.panel.Main$1: Starting the application. 
2020-09-15 04:57:51,813 INFO  com.mi6.panel.Main$1: Application started. Priniting, v 0.0.1
2020-09-15 04:57:55,682 INFO  com.mi6.panel.MainWindow: File Choose Event Arise. 
2020-09-15 04:58:02,025 INFO  com.mi6.panel.MainWindow: Print Button Action Arise. 
2020-09-15 04:58:02,028 INFO  com.mi6.reader.CSVReader: Counting CSV File
2020-09-15 04:58:02,031 INFO  com.mi6.reader.CSVReader: Number of Records Found: 2
2020-09-15 04:58:02,031 INFO  com.mi6.reader.CSVReader: Number of Records Found: 2
2020-09-15 04:58:02,032 INFO  com.mi6.reader.CSVReader: Reading CSV File
2020-09-15 04:58:02,032 INFO  com.mi6.prinitng.Report: Adding Row: 1,2,3,7,30,41
2020-09-15 04:58:02,034 INFO  com.mi6.prinitng.Report: COLUMN_0 Value: 1
2020-09-15 04:58:02,035 INFO  com.mi6.prinitng.Report: COLUMN_1 Value: 2
2020-09-15 04:58:02,035 INFO  com.mi6.prinitng.Report: COLUMN_2 Value: 3
2020-09-15 04:58:02,035 INFO  com.mi6.prinitng.Report: COLUMN_3 Value: 7
2020-09-15 04:58:02,035 INFO  com.mi6.prinitng.Report: COLUMN_4 Value: 30
2020-09-15 04:58:02,035 INFO  com.mi6.prinitng.Report: COLUMN_5 Value: 41
2020-09-15 04:58:02,035 INFO  com.mi6.prinitng.Report: Adding Row: 4,5,6,7,30,43
2020-09-15 04:58:02,035 INFO  com.mi6.prinitng.Report: COLUMN_0 Value: 4
2020-09-15 04:58:02,035 INFO  com.mi6.prinitng.Report: COLUMN_1 Value: 5
2020-09-15 04:58:02,036 INFO  com.mi6.prinitng.Report: COLUMN_2 Value: 6
2020-09-15 04:58:02,036 INFO  com.mi6.prinitng.Report: COLUMN_3 Value: 7
2020-09-15 04:58:02,036 INFO  com.mi6.prinitng.Report: COLUMN_4 Value: 30
2020-09-15 04:58:02,036 INFO  com.mi6.prinitng.Report: COLUMN_5 Value: 43
2020-09-15 04:58:02,036 INFO  com.mi6.prinitng.Report: Adding Row: 8,9,10,7,30,45
2020-09-15 04:58:02,036 INFO  com.mi6.prinitng.Report: COLUMN_0 Value: 8
2020-09-15 04:58:02,036 INFO  com.mi6.prinitng.Report: COLUMN_1 Value: 9
2020-09-15 04:58:02,036 INFO  com.mi6.prinitng.Report: COLUMN_2 Value: 10
2020-09-15 04:58:02,036 INFO  com.mi6.prinitng.Report: COLUMN_3 Value: 7
2020-09-15 04:58:02,036 INFO  com.mi6.prinitng.Report: COLUMN_4 Value: 30
2020-09-15 04:58:02,036 INFO  com.mi6.prinitng.Report: COLUMN_5 Value: 45
2020-09-15 04:58:02,037 INFO  com.mi6.prinitng.Report: Adding Row: 11,12,13,7,31,32
2020-09-15 04:58:02,037 INFO  com.mi6.prinitng.Report: COLUMN_0 Value: 11
2020-09-15 04:58:02,037 INFO  com.mi6.prinitng.Report: COLUMN_1 Value: 12
2020-09-15 04:58:02,037 INFO  com.mi6.prinitng.Report: COLUMN_2 Value: 13
2020-09-15 04:58:02,037 INFO  com.mi6.prinitng.Report: COLUMN_3 Value: 7
2020-09-15 04:58:02,037 INFO  com.mi6.prinitng.Report: COLUMN_4 Value: 31
2020-09-15 04:58:02,037 INFO  com.mi6.prinitng.Report: COLUMN_5 Value: 32
2020-09-15 04:58:02,037 INFO  com.mi6.prinitng.Report: Adding Row: 14,15,16,7,31,34
2020-09-15 04:58:02,037 INFO  com.mi6.prinitng.Report: COLUMN_0 Value: 14
2020-09-15 04:58:02,037 INFO  com.mi6.prinitng.Report: COLUMN_1 Value: 15
2020-09-15 04:58:02,037 INFO  com.mi6.prinitng.Report: COLUMN_2 Value: 16
2020-09-15 04:58:02,038 INFO  com.mi6.prinitng.Report: COLUMN_3 Value: 7
2020-09-15 04:58:02,038 INFO  com.mi6.prinitng.Report: COLUMN_4 Value: 31
2020-09-15 04:58:02,038 INFO  com.mi6.prinitng.Report: COLUMN_5 Value: 34
2020-09-15 04:58:02,038 INFO  com.mi6.prinitng.Report: Adding Row: 17,18,19,7,31,35
2020-09-15 04:58:02,038 INFO  com.mi6.prinitng.Report: COLUMN_0 Value: 17
2020-09-15 04:58:02,038 INFO  com.mi6.prinitng.Report: COLUMN_1 Value: 18
2020-09-15 04:58:02,038 INFO  com.mi6.prinitng.Report: COLUMN_2 Value: 19
2020-09-15 04:58:02,038 INFO  com.mi6.prinitng.Report: COLUMN_3 Value: 7
2020-09-15 04:58:02,038 INFO  com.mi6.prinitng.Report: COLUMN_4 Value: 31
2020-09-15 04:58:02,038 INFO  com.mi6.prinitng.Report: COLUMN_5 Value: 35
2020-09-15 04:58:02,039 INFO  com.mi6.prinitng.Report: Adding Row: 20,21,22,7,31,36
2020-09-15 04:58:02,039 INFO  com.mi6.prinitng.Report: COLUMN_0 Value: 20
2020-09-15 04:58:02,039 INFO  com.mi6.prinitng.Report: COLUMN_1 Value: 21
2020-09-15 04:58:02,039 INFO  com.mi6.prinitng.Report: COLUMN_2 Value: 22
2020-09-15 04:58:02,039 INFO  com.mi6.prinitng.Report: COLUMN_3 Value: 7
2020-09-15 04:58:02,039 INFO  com.mi6.prinitng.Report: COLUMN_4 Value: 31
2020-09-15 04:58:02,039 INFO  com.mi6.prinitng.Report: COLUMN_5 Value: 36
2020-09-15 04:58:02,039 INFO  com.mi6.prinitng.Report: Adding Row: 23,24,25,7,31,37
2020-09-15 04:58:02,039 INFO  com.mi6.prinitng.Report: COLUMN_0 Value: 23
2020-09-15 04:58:02,039 INFO  com.mi6.prinitng.Report: COLUMN_1 Value: 24
2020-09-15 04:58:02,039 INFO  com.mi6.prinitng.Report: COLUMN_2 Value: 25
2020-09-15 04:58:02,040 INFO  com.mi6.prinitng.Report: COLUMN_3 Value: 7
2020-09-15 04:58:02,040 INFO  com.mi6.prinitng.Report: COLUMN_4 Value: 31
2020-09-15 04:58:02,040 INFO  com.mi6.prinitng.Report: COLUMN_5 Value: 37
2020-09-15 04:58:02,040 INFO  com.mi6.prinitng.Report: Adding Row: 26,27,28,7,31,38
2020-09-15 04:58:02,040 INFO  com.mi6.prinitng.Report: COLUMN_0 Value: 26
2020-09-15 04:58:02,040 INFO  com.mi6.prinitng.Report: COLUMN_1 Value: 27
2020-09-15 04:58:02,040 INFO  com.mi6.prinitng.Report: COLUMN_2 Value: 28
2020-09-15 04:58:02,040 INFO  com.mi6.prinitng.Report: COLUMN_3 Value: 7
2020-09-15 04:58:02,040 INFO  com.mi6.prinitng.Report: COLUMN_4 Value: 31
2020-09-15 04:58:02,040 INFO  com.mi6.prinitng.Report: COLUMN_5 Value: 38
2020-09-15 04:58:02,040 INFO  com.mi6.prinitng.Report: Adding Row: 29,30,31,7,31,39
2020-09-15 04:58:02,041 INFO  com.mi6.prinitng.Report: COLUMN_0 Value: 29
2020-09-15 04:58:02,041 INFO  com.mi6.prinitng.Report: COLUMN_1 Value: 30
2020-09-15 04:58:02,041 INFO  com.mi6.prinitng.Report: COLUMN_2 Value: 31
2020-09-15 04:58:02,041 INFO  com.mi6.prinitng.Report: COLUMN_3 Value: 7
2020-09-15 04:58:02,041 INFO  com.mi6.prinitng.Report: COLUMN_4 Value: 31
2020-09-15 04:58:02,041 INFO  com.mi6.prinitng.Report: COLUMN_5 Value: 39
2020-09-15 04:58:02,041 INFO  com.mi6.prinitng.Report: Adding Row: 32,33,34,7,31,40
2020-09-15 04:58:02,041 INFO  com.mi6.prinitng.Report: COLUMN_0 Value: 32
2020-09-15 04:58:02,041 INFO  com.mi6.prinitng.Report: COLUMN_1 Value: 33
2020-09-15 04:58:02,041 INFO  com.mi6.prinitng.Report: COLUMN_2 Value: 34
2020-09-15 04:58:02,041 INFO  com.mi6.prinitng.Report: COLUMN_3 Value: 7
2020-09-15 04:58:02,041 INFO  com.mi6.prinitng.Report: COLUMN_4 Value: 31
2020-09-15 04:58:02,042 INFO  com.mi6.prinitng.Report: COLUMN_5 Value: 40
2020-09-15 04:58:02,042 INFO  com.mi6.prinitng.Report: Adding Row: 35,36,37,7,31,41
2020-09-15 04:58:02,042 INFO  com.mi6.prinitng.Report: COLUMN_0 Value: 35
2020-09-15 04:58:02,042 INFO  com.mi6.prinitng.Report: COLUMN_1 Value: 36
2020-09-15 04:58:02,042 INFO  com.mi6.prinitng.Report: COLUMN_2 Value: 37
2020-09-15 04:58:02,042 INFO  com.mi6.prinitng.Report: COLUMN_3 Value: 7
2020-09-15 04:58:02,042 INFO  com.mi6.prinitng.Report: COLUMN_4 Value: 31
2020-09-15 04:58:02,042 INFO  com.mi6.prinitng.Report: COLUMN_5 Value: 41
2020-09-15 04:58:02,042 INFO  com.mi6.prinitng.Report: Adding Row: 38,39,40,7,31,42
2020-09-15 04:58:02,042 INFO  com.mi6.prinitng.Report: COLUMN_0 Value: 38
2020-09-15 04:58:02,042 INFO  com.mi6.prinitng.Report: COLUMN_1 Value: 39
2020-09-15 04:58:02,043 INFO  com.mi6.prinitng.Report: COLUMN_2 Value: 40
2020-09-15 04:58:02,043 INFO  com.mi6.prinitng.Report: COLUMN_3 Value: 7
2020-09-15 04:58:02,043 INFO  com.mi6.prinitng.Report: COLUMN_4 Value: 31
2020-09-15 04:58:02,043 INFO  com.mi6.prinitng.Report: COLUMN_5 Value: 42
2020-09-15 04:58:02,043 INFO  com.mi6.prinitng.Report: Adding Row: 41,42,43,7,31,43
2020-09-15 04:58:02,043 INFO  com.mi6.prinitng.Report: COLUMN_0 Value: 41
2020-09-15 04:58:02,043 INFO  com.mi6.prinitng.Report: COLUMN_1 Value: 42
2020-09-15 04:58:02,043 INFO  com.mi6.prinitng.Report: COLUMN_2 Value: 43
2020-09-15 04:58:02,043 INFO  com.mi6.prinitng.Report: COLUMN_3 Value: 7
2020-09-15 04:58:02,043 INFO  com.mi6.prinitng.Report: COLUMN_4 Value: 31
2020-09-15 04:58:02,043 INFO  com.mi6.prinitng.Report: COLUMN_5 Value: 43
2020-09-15 04:58:02,043 INFO  com.mi6.prinitng.Report: Adding Row: 44,45,46,7,31,44
2020-09-15 04:58:02,044 INFO  com.mi6.prinitng.Report: COLUMN_0 Value: 44
2020-09-15 04:58:02,044 INFO  com.mi6.prinitng.Report: COLUMN_1 Value: 45
2020-09-15 04:58:02,044 INFO  com.mi6.prinitng.Report: COLUMN_2 Value: 46
2020-09-15 04:58:02,044 INFO  com.mi6.prinitng.Report: COLUMN_3 Value: 7
2020-09-15 04:58:02,044 INFO  com.mi6.prinitng.Report: COLUMN_4 Value: 31
2020-09-15 04:58:02,044 INFO  com.mi6.prinitng.Report: COLUMN_5 Value: 44
2020-09-15 04:58:02,044 INFO  com.mi6.prinitng.Report: Adding Row: 47,48,3,7,31,45
2020-09-15 04:58:02,044 INFO  com.mi6.prinitng.Report: COLUMN_0 Value: 47
2020-09-15 04:58:02,044 INFO  com.mi6.prinitng.Report: COLUMN_1 Value: 48
2020-09-15 04:58:02,044 INFO  com.mi6.prinitng.Report: COLUMN_2 Value: 3
2020-09-15 04:58:02,044 INFO  com.mi6.prinitng.Report: COLUMN_3 Value: 7
2020-09-15 04:58:02,044 INFO  com.mi6.prinitng.Report: COLUMN_4 Value: 31
2020-09-15 04:58:02,045 INFO  com.mi6.prinitng.Report: COLUMN_5 Value: 45
2020-09-15 04:58:02,045 INFO  com.mi6.prinitng.Report: Adding Row: 1,2,3,7,32,33
2020-09-15 04:58:02,045 INFO  com.mi6.prinitng.Report: COLUMN_0 Value: 1
2020-09-15 04:58:02,045 INFO  com.mi6.prinitng.Report: COLUMN_1 Value: 2
2020-09-15 04:58:02,045 INFO  com.mi6.prinitng.Report: COLUMN_2 Value: 3
2020-09-15 04:58:02,045 INFO  com.mi6.prinitng.Report: COLUMN_3 Value: 7
2020-09-15 04:58:02,045 INFO  com.mi6.prinitng.Report: COLUMN_4 Value: 32
2020-09-15 04:58:02,045 INFO  com.mi6.prinitng.Report: COLUMN_5 Value: 33
2020-09-15 04:58:02,045 INFO  com.mi6.prinitng.Report: Adding Row: 1,2,3,7,32,35
2020-09-15 04:58:02,045 INFO  com.mi6.prinitng.Report: COLUMN_0 Value: 1
2020-09-15 04:58:02,045 INFO  com.mi6.prinitng.Report: COLUMN_1 Value: 2
2020-09-15 04:58:02,046 INFO  com.mi6.prinitng.Report: COLUMN_2 Value: 3
2020-09-15 04:58:02,046 INFO  com.mi6.prinitng.Report: COLUMN_3 Value: 7
2020-09-15 04:58:02,046 INFO  com.mi6.prinitng.Report: COLUMN_4 Value: 32
2020-09-15 04:58:02,046 INFO  com.mi6.prinitng.Report: COLUMN_5 Value: 35
2020-09-15 04:58:02,046 INFO  com.mi6.prinitng.Report: Start Generating Report
2020-09-15 04:58:02,114 INFO  com.mi6.prinitng.Report: Filling Report
2020-09-15 04:58:02,297 INFO  com.mi6.prinitng.Report: Printing Report
2020-09-15 04:58:02,297 INFO  com.mi6.prinitng.Report: Completed
2020-09-15 04:58:05,309 INFO  com.mi6.prinitng.Report: Adding Row: 1,2,3,7,30,41
2020-09-15 04:58:05,309 INFO  com.mi6.prinitng.Report: COLUMN_0 Value: 1
2020-09-15 04:58:05,310 INFO  com.mi6.prinitng.Report: COLUMN_1 Value: 2
2020-09-15 04:58:05,310 INFO  com.mi6.prinitng.Report: COLUMN_2 Value: 3
2020-09-15 04:58:05,310 INFO  com.mi6.prinitng.Report: COLUMN_3 Value: 7
2020-09-15 04:58:05,310 INFO  com.mi6.prinitng.Report: COLUMN_4 Value: 30
2020-09-15 04:58:05,310 INFO  com.mi6.prinitng.Report: COLUMN_5 Value: 41
2020-09-15 04:58:05,310 INFO  com.mi6.prinitng.Report: Adding Row: 4,5,6,7,30,43
2020-09-15 04:58:05,310 INFO  com.mi6.prinitng.Report: COLUMN_0 Value: 4
2020-09-15 04:58:05,310 INFO  com.mi6.prinitng.Report: COLUMN_1 Value: 5
2020-09-15 04:58:05,310 INFO  com.mi6.prinitng.Report: COLUMN_2 Value: 6
2020-09-15 04:58:05,310 INFO  com.mi6.prinitng.Report: COLUMN_3 Value: 7
2020-09-15 04:58:05,310 INFO  com.mi6.prinitng.Report: COLUMN_4 Value: 30
2020-09-15 04:58:05,311 INFO  com.mi6.prinitng.Report: COLUMN_5 Value: 43
2020-09-15 04:58:05,311 INFO  com.mi6.prinitng.Report: Adding Row: 8,9,10,7,30,45
2020-09-15 04:58:05,311 INFO  com.mi6.prinitng.Report: COLUMN_0 Value: 8
2020-09-15 04:58:05,311 INFO  com.mi6.prinitng.Report: COLUMN_1 Value: 9
2020-09-15 04:58:05,311 INFO  com.mi6.prinitng.Report: COLUMN_2 Value: 10
2020-09-15 04:58:05,311 INFO  com.mi6.prinitng.Report: COLUMN_3 Value: 7
2020-09-15 04:58:05,311 INFO  com.mi6.prinitng.Report: COLUMN_4 Value: 30
2020-09-15 04:58:05,311 INFO  com.mi6.prinitng.Report: COLUMN_5 Value: 45
2020-09-15 04:58:05,311 INFO  com.mi6.prinitng.Report: Adding Row: 11,12,13,7,31,32
2020-09-15 04:58:05,311 INFO  com.mi6.prinitng.Report: COLUMN_0 Value: 11
2020-09-15 04:58:05,311 INFO  com.mi6.prinitng.Report: COLUMN_1 Value: 12
2020-09-15 04:58:05,311 INFO  com.mi6.prinitng.Report: COLUMN_2 Value: 13
2020-09-15 04:58:05,311 INFO  com.mi6.prinitng.Report: COLUMN_3 Value: 7
2020-09-15 04:58:05,312 INFO  com.mi6.prinitng.Report: COLUMN_4 Value: 31
2020-09-15 04:58:05,312 INFO  com.mi6.prinitng.Report: COLUMN_5 Value: 32
2020-09-15 04:58:05,312 INFO  com.mi6.prinitng.Report: Adding Row: 14,15,16,7,31,34
2020-09-15 04:58:05,312 INFO  com.mi6.prinitng.Report: COLUMN_0 Value: 14
2020-09-15 04:58:05,312 INFO  com.mi6.prinitng.Report: COLUMN_1 Value: 15
2020-09-15 04:58:05,312 INFO  com.mi6.prinitng.Report: COLUMN_2 Value: 16
2020-09-15 04:58:05,312 INFO  com.mi6.prinitng.Report: COLUMN_3 Value: 7
2020-09-15 04:58:05,312 INFO  com.mi6.prinitng.Report: COLUMN_4 Value: 31
2020-09-15 04:58:05,312 INFO  com.mi6.prinitng.Report: COLUMN_5 Value: 34
2020-09-15 04:58:05,312 INFO  com.mi6.prinitng.Report: Adding Row: 17,18,19,7,31,35
2020-09-15 04:58:05,313 INFO  com.mi6.prinitng.Report: COLUMN_0 Value: 17
2020-09-15 04:58:05,313 INFO  com.mi6.prinitng.Report: COLUMN_1 Value: 18
2020-09-15 04:58:05,313 INFO  com.mi6.prinitng.Report: COLUMN_2 Value: 19
2020-09-15 04:58:05,313 INFO  com.mi6.prinitng.Report: COLUMN_3 Value: 7
2020-09-15 04:58:05,313 INFO  com.mi6.prinitng.Report: COLUMN_4 Value: 31
2020-09-15 04:58:05,313 INFO  com.mi6.prinitng.Report: COLUMN_5 Value: 35
2020-09-15 04:58:05,313 INFO  com.mi6.prinitng.Report: Adding Row: 20,21,22,7,31,36
2020-09-15 04:58:05,313 INFO  com.mi6.prinitng.Report: COLUMN_0 Value: 20
2020-09-15 04:58:05,313 INFO  com.mi6.prinitng.Report: COLUMN_1 Value: 21
2020-09-15 04:58:05,313 INFO  com.mi6.prinitng.Report: COLUMN_2 Value: 22
2020-09-15 04:58:05,313 INFO  com.mi6.prinitng.Report: COLUMN_3 Value: 7
2020-09-15 04:58:05,313 INFO  com.mi6.prinitng.Report: COLUMN_4 Value: 31
2020-09-15 04:58:05,313 INFO  com.mi6.prinitng.Report: COLUMN_5 Value: 36
2020-09-15 04:58:05,314 INFO  com.mi6.prinitng.Report: Adding Row: 23,24,25,7,31,37
2020-09-15 04:58:05,314 INFO  com.mi6.prinitng.Report: COLUMN_0 Value: 23
2020-09-15 04:58:05,314 INFO  com.mi6.prinitng.Report: COLUMN_1 Value: 24
2020-09-15 04:58:05,314 INFO  com.mi6.prinitng.Report: COLUMN_2 Value: 25
2020-09-15 04:58:05,314 INFO  com.mi6.prinitng.Report: COLUMN_3 Value: 7
2020-09-15 04:58:05,314 INFO  com.mi6.prinitng.Report: COLUMN_4 Value: 31
2020-09-15 04:58:05,314 INFO  com.mi6.prinitng.Report: COLUMN_5 Value: 37
2020-09-15 04:58:05,314 INFO  com.mi6.prinitng.Report: Adding Row: 26,27,28,7,31,38
2020-09-15 04:58:05,314 INFO  com.mi6.prinitng.Report: COLUMN_0 Value: 26
2020-09-15 04:58:05,314 INFO  com.mi6.prinitng.Report: COLUMN_1 Value: 27
2020-09-15 04:58:05,314 INFO  com.mi6.prinitng.Report: COLUMN_2 Value: 28
2020-09-15 04:58:05,314 INFO  com.mi6.prinitng.Report: COLUMN_3 Value: 7
2020-09-15 04:58:05,315 INFO  com.mi6.prinitng.Report: COLUMN_4 Value: 31
2020-09-15 04:58:05,315 INFO  com.mi6.prinitng.Report: COLUMN_5 Value: 38
2020-09-15 04:58:05,315 INFO  com.mi6.prinitng.Report: Adding Row: 29,30,31,7,31,39
2020-09-15 04:58:05,315 INFO  com.mi6.prinitng.Report: COLUMN_0 Value: 29
2020-09-15 04:58:05,315 INFO  com.mi6.prinitng.Report: COLUMN_1 Value: 30
2020-09-15 04:58:05,315 INFO  com.mi6.prinitng.Report: COLUMN_2 Value: 31
2020-09-15 04:58:05,315 INFO  com.mi6.prinitng.Report: COLUMN_3 Value: 7
2020-09-15 04:58:05,315 INFO  com.mi6.prinitng.Report: COLUMN_4 Value: 31
2020-09-15 04:58:05,315 INFO  com.mi6.prinitng.Report: COLUMN_5 Value: 39
2020-09-15 04:58:05,315 INFO  com.mi6.prinitng.Report: Adding Row: 32,33,34,7,31,40
2020-09-15 04:58:05,315 INFO  com.mi6.prinitng.Report: COLUMN_0 Value: 32
2020-09-15 04:58:05,315 INFO  com.mi6.prinitng.Report: COLUMN_1 Value: 33
2020-09-15 04:58:05,316 INFO  com.mi6.prinitng.Report: COLUMN_2 Value: 34
2020-09-15 04:58:05,316 INFO  com.mi6.prinitng.Report: COLUMN_3 Value: 7
2020-09-15 04:58:05,316 INFO  com.mi6.prinitng.Report: COLUMN_4 Value: 31
2020-09-15 04:58:05,316 INFO  com.mi6.prinitng.Report: COLUMN_5 Value: 40
2020-09-15 04:58:05,316 INFO  com.mi6.prinitng.Report: Adding Row: 35,36,37,7,31,41
2020-09-15 04:58:05,316 INFO  com.mi6.prinitng.Report: COLUMN_0 Value: 35
2020-09-15 04:58:05,316 INFO  com.mi6.prinitng.Report: COLUMN_1 Value: 36
2020-09-15 04:58:05,316 INFO  com.mi6.prinitng.Report: COLUMN_2 Value: 37
2020-09-15 04:58:05,316 INFO  com.mi6.prinitng.Report: COLUMN_3 Value: 7
2020-09-15 04:58:05,316 INFO  com.mi6.prinitng.Report: COLUMN_4 Value: 31
2020-09-15 04:58:05,316 INFO  com.mi6.prinitng.Report: COLUMN_5 Value: 41
2020-09-15 04:58:05,316 INFO  com.mi6.prinitng.Report: Adding Row: 38,39,40,7,31,42
2020-09-15 04:58:05,317 INFO  com.mi6.prinitng.Report: COLUMN_0 Value: 38
2020-09-15 04:58:05,317 INFO  com.mi6.prinitng.Report: COLUMN_1 Value: 39
2020-09-15 04:58:05,317 INFO  com.mi6.prinitng.Report: COLUMN_2 Value: 40
2020-09-15 04:58:05,317 INFO  com.mi6.prinitng.Report: COLUMN_3 Value: 7
2020-09-15 04:58:05,317 INFO  com.mi6.prinitng.Report: COLUMN_4 Value: 31
2020-09-15 04:58:05,317 INFO  com.mi6.prinitng.Report: COLUMN_5 Value: 42
2020-09-15 04:58:05,317 INFO  com.mi6.prinitng.Report: Adding Row: 41,42,43,7,31,43
2020-09-15 04:58:05,317 INFO  com.mi6.prinitng.Report: COLUMN_0 Value: 41
2020-09-15 04:58:05,317 INFO  com.mi6.prinitng.Report: COLUMN_1 Value: 42
2020-09-15 04:58:05,317 INFO  com.mi6.prinitng.Report: COLUMN_2 Value: 43
2020-09-15 04:58:05,317 INFO  com.mi6.prinitng.Report: COLUMN_3 Value: 7
2020-09-15 04:58:05,317 INFO  com.mi6.prinitng.Report: COLUMN_4 Value: 31
2020-09-15 04:58:05,318 INFO  com.mi6.prinitng.Report: COLUMN_5 Value: 43
2020-09-15 04:58:05,318 INFO  com.mi6.prinitng.Report: Adding Row: 44,45,46,7,31,44
2020-09-15 04:58:05,318 INFO  com.mi6.prinitng.Report: COLUMN_0 Value: 44
2020-09-15 04:58:05,318 INFO  com.mi6.prinitng.Report: COLUMN_1 Value: 45
2020-09-15 04:58:05,318 INFO  com.mi6.prinitng.Report: COLUMN_2 Value: 46
2020-09-15 04:58:05,318 INFO  com.mi6.prinitng.Report: COLUMN_3 Value: 7
2020-09-15 04:58:05,318 INFO  com.mi6.prinitng.Report: COLUMN_4 Value: 31
2020-09-15 04:58:05,318 INFO  com.mi6.prinitng.Report: COLUMN_5 Value: 44
2020-09-15 04:58:05,318 INFO  com.mi6.prinitng.Report: Adding Row: 47,48,3,7,31,45
2020-09-15 04:58:05,318 INFO  com.mi6.prinitng.Report: COLUMN_0 Value: 47
2020-09-15 04:58:05,318 INFO  com.mi6.prinitng.Report: COLUMN_1 Value: 48
2020-09-15 04:58:05,318 INFO  com.mi6.prinitng.Report: COLUMN_2 Value: 3
2020-09-15 04:58:05,318 INFO  com.mi6.prinitng.Report: COLUMN_3 Value: 7
2020-09-15 04:58:05,318 INFO  com.mi6.prinitng.Report: COLUMN_4 Value: 31
2020-09-15 04:58:05,319 INFO  com.mi6.prinitng.Report: COLUMN_5 Value: 45
2020-09-15 04:58:05,319 INFO  com.mi6.prinitng.Report: Adding Row: 1,2,3,7,32,33
2020-09-15 04:58:05,319 INFO  com.mi6.prinitng.Report: COLUMN_0 Value: 1
2020-09-15 04:58:05,319 INFO  com.mi6.prinitng.Report: COLUMN_1 Value: 2
2020-09-15 04:58:05,319 INFO  com.mi6.prinitng.Report: COLUMN_2 Value: 3
2020-09-15 04:58:05,319 INFO  com.mi6.prinitng.Report: COLUMN_3 Value: 7
2020-09-15 04:58:05,319 INFO  com.mi6.prinitng.Report: COLUMN_4 Value: 32
2020-09-15 04:58:05,319 INFO  com.mi6.prinitng.Report: COLUMN_5 Value: 33
2020-09-15 04:58:05,319 INFO  com.mi6.prinitng.Report: Adding Row: 1,2,3,7,32,35
2020-09-15 04:58:05,319 INFO  com.mi6.prinitng.Report: COLUMN_0 Value: 1
2020-09-15 04:58:05,319 INFO  com.mi6.prinitng.Report: COLUMN_1 Value: 2
2020-09-15 04:58:05,320 INFO  com.mi6.prinitng.Report: COLUMN_2 Value: 3
2020-09-15 04:58:05,320 INFO  com.mi6.prinitng.Report: COLUMN_3 Value: 7
2020-09-15 04:58:05,320 INFO  com.mi6.prinitng.Report: COLUMN_4 Value: 32
2020-09-15 04:58:05,320 INFO  com.mi6.prinitng.Report: COLUMN_5 Value: 35
2020-09-15 04:58:05,320 INFO  com.mi6.prinitng.Report: Start Generating Report
2020-09-15 04:58:05,329 INFO  com.mi6.prinitng.Report: Filling Report
2020-09-15 04:58:05,343 INFO  com.mi6.prinitng.Report: Printing Report
2020-09-15 04:58:05,343 INFO  com.mi6.prinitng.Report: Completed
2020-09-15 04:58:05,823 INFO  com.mi6.reader.CSVReader: Reading CSV File Completeds.
